{"/Users/vishwajeet.mishra/personal/crm_backend/server.js": {"path":"/Users/vishwajeet.mishra/personal/crm_backend/server.js","statementMap":{"0":{"start":{"line":4,"column":21},"end":{"line":4,"column":55}},"1":{"start":{"line":5,"column":17},"end":{"line":5,"column":47}},"2":{"start":{"line":6,"column":17},"end":{"line":6,"column":36}},"3":{"start":{"line":7,"column":13},"end":{"line":7,"column":43}},"4":{"start":{"line":8,"column":16},"end":{"line":8,"column":34}},"5":{"start":{"line":9,"column":15},"end":{"line":9,"column":34}},"6":{"start":{"line":10,"column":19},"end":{"line":10,"column":41}},"7":{"start":{"line":11,"column":12},"end":{"line":11,"column":21}},"8":{"start":{"line":12,"column":0},"end":{"line":12,"column":27}},"9":{"start":{"line":13,"column":0},"end":{"line":13,"column":49}},"10":{"start":{"line":23,"column":0},"end":{"line":29,"column":2}},"11":{"start":{"line":24,"column":4},"end":{"line":24,"column":41}},"12":{"start":{"line":25,"column":4},"end":{"line":25,"column":11}},"13":{"start":{"line":27,"column":4},"end":{"line":27,"column":38}},"14":{"start":{"line":40,"column":15},"end":{"line":40,"column":54}},"15":{"start":{"line":42,"column":4},"end":{"line":45,"column":5}},"16":{"start":{"line":43,"column":9},"end":{"line":43,"column":51}},"17":{"start":{"line":44,"column":8},"end":{"line":44,"column":15}},"18":{"start":{"line":47,"column":4},"end":{"line":61,"column":5}},"19":{"start":{"line":49,"column":8},"end":{"line":56,"column":11}},"20":{"start":{"line":57,"column":8},"end":{"line":57,"column":26}},"21":{"start":{"line":60,"column":8},"end":{"line":60,"column":31}},"22":{"start":{"line":70,"column":0},"end":{"line":70,"column":37}},"23":{"start":{"line":71,"column":0},"end":{"line":71,"column":37}},"24":{"start":{"line":72,"column":0},"end":{"line":72,"column":39}},"25":{"start":{"line":74,"column":0},"end":{"line":76,"column":2}},"26":{"start":{"line":75,"column":4},"end":{"line":75,"column":78}}},"fnMap":{"0":{"name":"(anonymous_0)","decl":{"start":{"line":23,"column":34},"end":{"line":23,"column":35}},"loc":{"start":{"line":23,"column":40},"end":{"line":26,"column":1}},"line":23},"1":{"name":"(anonymous_1)","decl":{"start":{"line":26,"column":3},"end":{"line":26,"column":4}},"loc":{"start":{"line":26,"column":10},"end":{"line":28,"column":1}},"line":26},"2":{"name":"init","decl":{"start":{"line":37,"column":15},"end":{"line":37,"column":19}},"loc":{"start":{"line":37,"column":22},"end":{"line":63,"column":1}},"line":37},"3":{"name":"(anonymous_3)","decl":{"start":{"line":74,"column":47},"end":{"line":74,"column":48}},"loc":{"start":{"line":74,"column":53},"end":{"line":76,"column":1}},"line":74}},"branchMap":{"0":{"loc":{"start":{"line":42,"column":4},"end":{"line":45,"column":5}},"type":"if","locations":[{"start":{"line":42,"column":4},"end":{"line":45,"column":5}},{"start":{},"end":{}}],"line":42}},"s":{"0":3,"1":3,"2":3,"3":3,"4":3,"5":3,"6":3,"7":3,"8":3,"9":3,"10":3,"11":3,"12":3,"13":0,"14":3,"15":3,"16":0,"17":0,"18":3,"19":3,"20":2,"21":1,"22":3,"23":3,"24":3,"25":3,"26":3},"f":{"0":3,"1":0,"2":3,"3":3},"b":{"0":[0,3]},"_coverageSchema":"1a1c01bbd47fc00a2c39e90264f33305004495a9","hash":"62136e0edaf7a83cd1ca9f338752b9ed965cefca"}
,"/Users/vishwajeet.mishra/personal/crm_backend/configs/auth.config.js": {"path":"/Users/vishwajeet.mishra/personal/crm_backend/configs/auth.config.js","statementMap":{"0":{"start":{"line":1,"column":0},"end":{"line":3,"column":2}}},"fnMap":{},"branchMap":{},"s":{"0":4},"f":{},"b":{},"_coverageSchema":"1a1c01bbd47fc00a2c39e90264f33305004495a9","hash":"de6679b617ea1f11612a262918f43c1e54f9e078"}
,"/Users/vishwajeet.mishra/personal/crm_backend/configs/db.config.js": {"path":"/Users/vishwajeet.mishra/personal/crm_backend/configs/db.config.js","statementMap":{"0":{"start":{"line":1,"column":0},"end":{"line":4,"column":1}}},"fnMap":{},"branchMap":{},"s":{"0":3},"f":{},"b":{},"_coverageSchema":"1a1c01bbd47fc00a2c39e90264f33305004495a9","hash":"15076787b8d962e7886bb91de8cc8286545159bb"}
,"/Users/vishwajeet.mishra/personal/crm_backend/configs/server.config.js": {"path":"/Users/vishwajeet.mishra/personal/crm_backend/configs/server.config.js","statementMap":{"0":{"start":{"line":1,"column":0},"end":{"line":3,"column":1}},"1":{"start":{"line":2,"column":4},"end":{"line":2,"column":31}},"2":{"start":{"line":5,"column":0},"end":{"line":7,"column":1}}},"fnMap":{},"branchMap":{"0":{"loc":{"start":{"line":1,"column":0},"end":{"line":3,"column":1}},"type":"if","locations":[{"start":{"line":1,"column":0},"end":{"line":3,"column":1}},{"start":{},"end":{}}],"line":1}},"s":{"0":3,"1":3,"2":3},"f":{},"b":{"0":[3,0]},"_coverageSchema":"1a1c01bbd47fc00a2c39e90264f33305004495a9","hash":"bf7cfac180e85ca4d42636bf600c71c601c6a103"}
,"/Users/vishwajeet.mishra/personal/crm_backend/controllers/auth.controller.js": {"path":"/Users/vishwajeet.mishra/personal/crm_backend/controllers/auth.controller.js","statementMap":{"0":{"start":{"line":1,"column":13},"end":{"line":1,"column":44}},"1":{"start":{"line":2,"column":21},"end":{"line":2,"column":50}},"2":{"start":{"line":3,"column":18},"end":{"line":3,"column":47}},"3":{"start":{"line":4,"column":13},"end":{"line":4,"column":32}},"4":{"start":{"line":5,"column":10},"end":{"line":5,"column":33}},"5":{"start":{"line":6,"column":15},"end":{"line":6,"column":48}},"6":{"start":{"line":11,"column":0},"end":{"line":52,"column":1}},"7":{"start":{"line":15,"column":21},"end":{"line":15,"column":39}},"8":{"start":{"line":16,"column":4},"end":{"line":22,"column":5}},"9":{"start":{"line":17,"column":7},"end":{"line":21,"column":8}},"10":{"start":{"line":18,"column":8},"end":{"line":18,"column":51}},"11":{"start":{"line":20,"column":8},"end":{"line":20,"column":50}},"12":{"start":{"line":24,"column":20},"end":{"line":31,"column":5}},"13":{"start":{"line":33,"column":4},"end":{"line":50,"column":5}},"14":{"start":{"line":34,"column":28},"end":{"line":34,"column":54}},"15":{"start":{"line":35,"column":29},"end":{"line":43,"column":9}},"16":{"start":{"line":44,"column":8},"end":{"line":44,"column":43}},"17":{"start":{"line":46,"column":8},"end":{"line":46,"column":75}},"18":{"start":{"line":47,"column":8},"end":{"line":49,"column":10}},"19":{"start":{"line":59,"column":0},"end":{"line":105,"column":1}},"20":{"start":{"line":63,"column":17},"end":{"line":63,"column":64}},"21":{"start":{"line":64,"column":4},"end":{"line":64,"column":22}},"22":{"start":{"line":65,"column":4},"end":{"line":70,"column":5}},"23":{"start":{"line":66,"column":8},"end":{"line":68,"column":11}},"24":{"start":{"line":69,"column":8},"end":{"line":69,"column":15}},"25":{"start":{"line":72,"column":4},"end":{"line":77,"column":5}},"26":{"start":{"line":73,"column":8},"end":{"line":75,"column":10}},"27":{"start":{"line":76,"column":8},"end":{"line":76,"column":16}},"28":{"start":{"line":80,"column":26},"end":{"line":83,"column":7}},"29":{"start":{"line":85,"column":6},"end":{"line":90,"column":7}},"30":{"start":{"line":86,"column":8},"end":{"line":89,"column":11}},"31":{"start":{"line":91,"column":6},"end":{"line":91,"column":30}},"32":{"start":{"line":92,"column":18},"end":{"line":94,"column":8}},"33":{"start":{"line":96,"column":6},"end":{"line":103,"column":8}}},"fnMap":{"0":{"name":"(anonymous_0)","decl":{"start":{"line":11,"column":17},"end":{"line":11,"column":18}},"loc":{"start":{"line":11,"column":37},"end":{"line":52,"column":1}},"line":11},"1":{"name":"(anonymous_1)","decl":{"start":{"line":59,"column":17},"end":{"line":59,"column":18}},"loc":{"start":{"line":59,"column":36},"end":{"line":105,"column":1}},"line":59}},"branchMap":{"0":{"loc":{"start":{"line":16,"column":4},"end":{"line":22,"column":5}},"type":"if","locations":[{"start":{"line":16,"column":4},"end":{"line":22,"column":5}},{"start":{},"end":{}}],"line":16},"1":{"loc":{"start":{"line":17,"column":7},"end":{"line":21,"column":8}},"type":"if","locations":[{"start":{"line":17,"column":7},"end":{"line":21,"column":8}},{"start":{"line":19,"column":12},"end":{"line":21,"column":8}}],"line":17},"2":{"loc":{"start":{"line":17,"column":10},"end":{"line":17,"column":79}},"type":"binary-expr","locations":[{"start":{"line":17,"column":10},"end":{"line":17,"column":28}},{"start":{"line":17,"column":32},"end":{"line":17,"column":79}}],"line":17},"3":{"loc":{"start":{"line":65,"column":4},"end":{"line":70,"column":5}},"type":"if","locations":[{"start":{"line":65,"column":4},"end":{"line":70,"column":5}},{"start":{},"end":{}}],"line":65},"4":{"loc":{"start":{"line":72,"column":4},"end":{"line":77,"column":5}},"type":"if","locations":[{"start":{"line":72,"column":4},"end":{"line":77,"column":5}},{"start":{},"end":{}}],"line":72},"5":{"loc":{"start":{"line":85,"column":6},"end":{"line":90,"column":7}},"type":"if","locations":[{"start":{"line":85,"column":6},"end":{"line":90,"column":7}},{"start":{},"end":{}}],"line":85}},"s":{"0":4,"1":4,"2":4,"3":4,"4":4,"5":4,"6":4,"7":3,"8":3,"9":3,"10":2,"11":1,"12":3,"13":3,"14":3,"15":2,"16":2,"17":1,"18":1,"19":4,"20":5,"21":5,"22":5,"23":1,"24":1,"25":4,"26":1,"27":1,"28":3,"29":3,"30":1,"31":2,"32":2,"33":2},"f":{"0":3,"1":5},"b":{"0":[3,0],"1":[2,1],"2":[3,3],"3":[1,4],"4":[1,3],"5":[1,2]},"_coverageSchema":"1a1c01bbd47fc00a2c39e90264f33305004495a9","hash":"a0137fd2851418b77c8b3bf2c02bb6b44045a43c"}
,"/Users/vishwajeet.mishra/personal/crm_backend/controllers/ticket.controller.js": {"path":"/Users/vishwajeet.mishra/personal/crm_backend/controllers/ticket.controller.js","statementMap":{"0":{"start":{"line":5,"column":13},"end":{"line":5,"column":44}},"1":{"start":{"line":6,"column":15},"end":{"line":6,"column":48}},"2":{"start":{"line":7,"column":18},"end":{"line":7,"column":47}},"3":{"start":{"line":8,"column":24},"end":{"line":8,"column":59}},"4":{"start":{"line":9,"column":18},"end":{"line":9,"column":66}},"5":{"start":{"line":16,"column":0},"end":{"line":66,"column":2}},"6":{"start":{"line":18,"column":25},"end":{"line":24,"column":5}},"7":{"start":{"line":29,"column":21},"end":{"line":32,"column":6}},"8":{"start":{"line":33,"column":4},"end":{"line":33,"column":44}},"9":{"start":{"line":35,"column":4},"end":{"line":64,"column":5}},"10":{"start":{"line":36,"column":23},"end":{"line":36,"column":56}},"11":{"start":{"line":38,"column":8},"end":{"line":57,"column":9}},"12":{"start":{"line":40,"column":25},"end":{"line":42,"column":14}},"13":{"start":{"line":43,"column":12},"end":{"line":43,"column":49}},"14":{"start":{"line":44,"column":12},"end":{"line":44,"column":30}},"15":{"start":{"line":47,"column":12},"end":{"line":47,"column":54}},"16":{"start":{"line":48,"column":12},"end":{"line":48,"column":34}},"17":{"start":{"line":53,"column":12},"end":{"line":53,"column":142}},"18":{"start":{"line":56,"column":12},"end":{"line":56,"column":73}},"19":{"start":{"line":59,"column":8},"end":{"line":59,"column":78}},"20":{"start":{"line":60,"column":8},"end":{"line":63,"column":9}},"21":{"start":{"line":76,"column":0},"end":{"line":113,"column":2}},"22":{"start":{"line":77,"column":19},"end":{"line":77,"column":63}},"23":{"start":{"line":79,"column":22},"end":{"line":81,"column":6}},"24":{"start":{"line":83,"column":4},"end":{"line":111,"column":5}},"25":{"start":{"line":85,"column":8},"end":{"line":89,"column":97}},"26":{"start":{"line":91,"column":28},"end":{"line":91,"column":47}},"27":{"start":{"line":93,"column":25},"end":{"line":95,"column":10}},"28":{"start":{"line":97,"column":25},"end":{"line":99,"column":10}},"29":{"start":{"line":103,"column":8},"end":{"line":103,"column":170}},"30":{"start":{"line":105,"column":8},"end":{"line":105,"column":76}},"31":{"start":{"line":107,"column":8},"end":{"line":107,"column":90}},"32":{"start":{"line":108,"column":8},"end":{"line":110,"column":10}},"33":{"start":{"line":118,"column":0},"end":{"line":147,"column":1}},"34":{"start":{"line":128,"column":21},"end":{"line":128,"column":23}},"35":{"start":{"line":130,"column":4},"end":{"line":132,"column":5}},"36":{"start":{"line":131,"column":8},"end":{"line":131,"column":43}},"37":{"start":{"line":133,"column":22},"end":{"line":135,"column":6}},"38":{"start":{"line":137,"column":4},"end":{"line":143,"column":5}},"39":{"start":{"line":139,"column":11},"end":{"line":143,"column":5}},"40":{"start":{"line":140,"column":8},"end":{"line":140,"column":39}},"41":{"start":{"line":142,"column":8},"end":{"line":142,"column":39}},"42":{"start":{"line":145,"column":20},"end":{"line":145,"column":47}},"43":{"start":{"line":146,"column":4},"end":{"line":146,"column":70}},"44":{"start":{"line":153,"column":0},"end":{"line":159,"column":1}},"45":{"start":{"line":154,"column":19},"end":{"line":156,"column":6}},"46":{"start":{"line":158,"column":4},"end":{"line":158,"column":65}}},"fnMap":{"0":{"name":"(anonymous_0)","decl":{"start":{"line":16,"column":23},"end":{"line":16,"column":24}},"loc":{"start":{"line":16,"column":43},"end":{"line":66,"column":1}},"line":16},"1":{"name":"(anonymous_1)","decl":{"start":{"line":76,"column":23},"end":{"line":76,"column":24}},"loc":{"start":{"line":76,"column":43},"end":{"line":113,"column":1}},"line":76},"2":{"name":"(anonymous_2)","decl":{"start":{"line":118,"column":24},"end":{"line":118,"column":25}},"loc":{"start":{"line":118,"column":44},"end":{"line":147,"column":1}},"line":118},"3":{"name":"(anonymous_3)","decl":{"start":{"line":153,"column":23},"end":{"line":153,"column":24}},"loc":{"start":{"line":153,"column":43},"end":{"line":159,"column":1}},"line":153}},"branchMap":{"0":{"loc":{"start":{"line":38,"column":8},"end":{"line":57,"column":9}},"type":"if","locations":[{"start":{"line":38,"column":8},"end":{"line":57,"column":9}},{"start":{},"end":{}}],"line":38},"1":{"loc":{"start":{"line":83,"column":4},"end":{"line":111,"column":5}},"type":"if","locations":[{"start":{"line":83,"column":4},"end":{"line":111,"column":5}},{"start":{"line":106,"column":11},"end":{"line":111,"column":5}}],"line":83},"2":{"loc":{"start":{"line":83,"column":8},"end":{"line":83,"column":121}},"type":"binary-expr","locations":[{"start":{"line":83,"column":8},"end":{"line":83,"column":37}},{"start":{"line":83,"column":41},"end":{"line":83,"column":70}},{"start":{"line":83,"column":74},"end":{"line":83,"column":121}}],"line":83},"3":{"loc":{"start":{"line":85,"column":23},"end":{"line":85,"column":82}},"type":"cond-expr","locations":[{"start":{"line":85,"column":53},"end":{"line":85,"column":67}},{"start":{"line":85,"column":70},"end":{"line":85,"column":82}}],"line":85},"4":{"loc":{"start":{"line":86,"column":33},"end":{"line":86,"column":110}},"type":"cond-expr","locations":[{"start":{"line":86,"column":69},"end":{"line":86,"column":89}},{"start":{"line":86,"column":92},"end":{"line":86,"column":110}}],"line":86},"5":{"loc":{"start":{"line":87,"column":36},"end":{"line":87,"column":122}},"type":"cond-expr","locations":[{"start":{"line":87,"column":75},"end":{"line":87,"column":98}},{"start":{"line":87,"column":101},"end":{"line":87,"column":122}}],"line":87},"6":{"loc":{"start":{"line":88,"column":28},"end":{"line":88,"column":90}},"type":"cond-expr","locations":[{"start":{"line":88,"column":59},"end":{"line":88,"column":74}},{"start":{"line":88,"column":77},"end":{"line":88,"column":90}}],"line":88},"7":{"loc":{"start":{"line":89,"column":30},"end":{"line":89,"column":97}},"type":"cond-expr","locations":[{"start":{"line":89,"column":62},"end":{"line":89,"column":79}},{"start":{"line":89,"column":82},"end":{"line":89,"column":97}}],"line":89},"8":{"loc":{"start":{"line":130,"column":4},"end":{"line":132,"column":5}},"type":"if","locations":[{"start":{"line":130,"column":4},"end":{"line":132,"column":5}},{"start":{},"end":{}}],"line":130},"9":{"loc":{"start":{"line":137,"column":4},"end":{"line":143,"column":5}},"type":"if","locations":[{"start":{"line":137,"column":4},"end":{"line":143,"column":5}},{"start":{"line":139,"column":11},"end":{"line":143,"column":5}}],"line":137},"10":{"loc":{"start":{"line":139,"column":11},"end":{"line":143,"column":5}},"type":"if","locations":[{"start":{"line":139,"column":11},"end":{"line":143,"column":5}},{"start":{"line":141,"column":11},"end":{"line":143,"column":5}}],"line":139}},"s":{"0":4,"1":4,"2":4,"3":4,"4":4,"5":4,"6":3,"7":3,"8":3,"9":3,"10":3,"11":2,"12":2,"13":2,"14":2,"15":2,"16":2,"17":2,"18":2,"19":1,"20":1,"21":4,"22":3,"23":3,"24":3,"25":2,"26":2,"27":2,"28":2,"29":2,"30":2,"31":1,"32":1,"33":4,"34":3,"35":3,"36":2,"37":3,"38":3,"39":3,"40":2,"41":1,"42":3,"43":3,"44":4,"45":2,"46":2},"f":{"0":3,"1":3,"2":3,"3":2},"b":{"0":[2,0],"1":[2,1],"2":[3,2,1],"3":[2,0],"4":[2,0],"5":[2,0],"6":[2,0],"7":[2,0],"8":[2,1],"9":[0,3],"10":[2,1]},"_coverageSchema":"1a1c01bbd47fc00a2c39e90264f33305004495a9","hash":"d6fc4d248dfa44488f60abb58608d873651526ac"}
,"/Users/vishwajeet.mishra/personal/crm_backend/controllers/user.controller.js": {"path":"/Users/vishwajeet.mishra/personal/crm_backend/controllers/user.controller.js","statementMap":{"0":{"start":{"line":6,"column":13},"end":{"line":6,"column":44}},"1":{"start":{"line":7,"column":24},"end":{"line":7,"column":59}},"2":{"start":{"line":13,"column":0},"end":{"line":85,"column":1}},"3":{"start":{"line":15,"column":22},"end":{"line":15,"column":40}},"4":{"start":{"line":16,"column":24},"end":{"line":16,"column":44}},"5":{"start":{"line":17,"column":22},"end":{"line":17,"column":36}},"6":{"start":{"line":20,"column":4},"end":{"line":83,"column":5}},"7":{"start":{"line":21,"column":8},"end":{"line":31,"column":9}},"8":{"start":{"line":22,"column":12},"end":{"line":24,"column":15}},"9":{"start":{"line":26,"column":12},"end":{"line":26,"column":86}},"10":{"start":{"line":27,"column":12},"end":{"line":29,"column":14}},"11":{"start":{"line":30,"column":12},"end":{"line":30,"column":19}},"12":{"start":{"line":32,"column":11},"end":{"line":83,"column":5}},"13":{"start":{"line":33,"column":8},"end":{"line":44,"column":9}},"14":{"start":{"line":34,"column":12},"end":{"line":37,"column":15}},"15":{"start":{"line":39,"column":12},"end":{"line":39,"column":121}},"16":{"start":{"line":40,"column":12},"end":{"line":42,"column":14}},"17":{"start":{"line":43,"column":12},"end":{"line":43,"column":19}},"18":{"start":{"line":45,"column":11},"end":{"line":83,"column":5}},"19":{"start":{"line":47,"column":8},"end":{"line":57,"column":9}},"20":{"start":{"line":48,"column":12},"end":{"line":50,"column":15}},"21":{"start":{"line":52,"column":12},"end":{"line":52,"column":88}},"22":{"start":{"line":53,"column":12},"end":{"line":55,"column":14}},"23":{"start":{"line":56,"column":12},"end":{"line":56,"column":19}},"24":{"start":{"line":58,"column":11},"end":{"line":83,"column":5}},"25":{"start":{"line":60,"column":8},"end":{"line":71,"column":9}},"26":{"start":{"line":61,"column":12},"end":{"line":63,"column":15}},"27":{"start":{"line":66,"column":12},"end":{"line":66,"column":92}},"28":{"start":{"line":67,"column":12},"end":{"line":69,"column":14}},"29":{"start":{"line":70,"column":12},"end":{"line":70,"column":19}},"30":{"start":{"line":73,"column":8},"end":{"line":82,"column":9}},"31":{"start":{"line":74,"column":12},"end":{"line":74,"column":38}},"32":{"start":{"line":77,"column":12},"end":{"line":77,"column":59}},"33":{"start":{"line":78,"column":12},"end":{"line":80,"column":14}},"34":{"start":{"line":81,"column":12},"end":{"line":81,"column":19}},"35":{"start":{"line":84,"column":4},"end":{"line":84,"column":61}},"36":{"start":{"line":90,"column":0},"end":{"line":105,"column":1}},"37":{"start":{"line":91,"column":22},"end":{"line":91,"column":39}},"38":{"start":{"line":93,"column":17},"end":{"line":95,"column":6}},"39":{"start":{"line":97,"column":4},"end":{"line":103,"column":5}},"40":{"start":{"line":98,"column":8},"end":{"line":98,"column":65}},"41":{"start":{"line":100,"column":8},"end":{"line":102,"column":10}},"42":{"start":{"line":111,"column":0},"end":{"line":134,"column":1}},"43":{"start":{"line":112,"column":22},"end":{"line":112,"column":39}},"44":{"start":{"line":113,"column":4},"end":{"line":133,"column":5}},"45":{"start":{"line":114,"column":21},"end":{"line":121,"column":17}},"46":{"start":{"line":122,"column":8},"end":{"line":126,"column":11}},"47":{"start":{"line":128,"column":8},"end":{"line":128,"column":68}},"48":{"start":{"line":129,"column":8},"end":{"line":131,"column":10}}},"fnMap":{"0":{"name":"(anonymous_0)","decl":{"start":{"line":13,"column":18},"end":{"line":13,"column":19}},"loc":{"start":{"line":13,"column":38},"end":{"line":85,"column":1}},"line":13},"1":{"name":"(anonymous_1)","decl":{"start":{"line":90,"column":19},"end":{"line":90,"column":20}},"loc":{"start":{"line":90,"column":39},"end":{"line":105,"column":1}},"line":90},"2":{"name":"(anonymous_2)","decl":{"start":{"line":111,"column":17},"end":{"line":111,"column":18}},"loc":{"start":{"line":111,"column":37},"end":{"line":134,"column":1}},"line":111}},"branchMap":{"0":{"loc":{"start":{"line":20,"column":4},"end":{"line":83,"column":5}},"type":"if","locations":[{"start":{"line":20,"column":4},"end":{"line":83,"column":5}},{"start":{"line":32,"column":11},"end":{"line":83,"column":5}}],"line":20},"1":{"loc":{"start":{"line":32,"column":11},"end":{"line":83,"column":5}},"type":"if","locations":[{"start":{"line":32,"column":11},"end":{"line":83,"column":5}},{"start":{"line":45,"column":11},"end":{"line":83,"column":5}}],"line":32},"2":{"loc":{"start":{"line":32,"column":15},"end":{"line":32,"column":43}},"type":"binary-expr","locations":[{"start":{"line":32,"column":15},"end":{"line":32,"column":26}},{"start":{"line":32,"column":30},"end":{"line":32,"column":43}}],"line":32},"3":{"loc":{"start":{"line":45,"column":11},"end":{"line":83,"column":5}},"type":"if","locations":[{"start":{"line":45,"column":11},"end":{"line":83,"column":5}},{"start":{"line":58,"column":11},"end":{"line":83,"column":5}}],"line":45},"4":{"loc":{"start":{"line":58,"column":11},"end":{"line":83,"column":5}},"type":"if","locations":[{"start":{"line":58,"column":11},"end":{"line":83,"column":5}},{"start":{"line":72,"column":11},"end":{"line":83,"column":5}}],"line":58},"5":{"loc":{"start":{"line":97,"column":4},"end":{"line":103,"column":5}},"type":"if","locations":[{"start":{"line":97,"column":4},"end":{"line":103,"column":5}},{"start":{"line":99,"column":11},"end":{"line":103,"column":5}}],"line":97}},"s":{"0":4,"1":4,"2":4,"3":11,"4":11,"5":11,"6":11,"7":2,"8":2,"9":1,"10":1,"11":1,"12":9,"13":2,"14":2,"15":1,"16":1,"17":1,"18":7,"19":3,"20":3,"21":1,"22":1,"23":1,"24":4,"25":2,"26":2,"27":1,"28":1,"29":1,"30":2,"31":2,"32":1,"33":1,"34":1,"35":6,"36":4,"37":3,"38":3,"39":3,"40":2,"41":1,"42":4,"43":3,"44":3,"45":3,"46":2,"47":1,"48":1},"f":{"0":11,"1":3,"2":3},"b":{"0":[2,9],"1":[2,7],"2":[9,5],"3":[3,4],"4":[2,2],"5":[2,1]},"_coverageSchema":"1a1c01bbd47fc00a2c39e90264f33305004495a9","hash":"9521b276520e2c6d928956f1a7e40a07cb5672c8"}
,"/Users/vishwajeet.mishra/personal/crm_backend/middlewares/authjwt.js": {"path":"/Users/vishwajeet.mishra/personal/crm_backend/middlewares/authjwt.js","statementMap":{"0":{"start":{"line":1,"column":12},"end":{"line":1,"column":35}},"1":{"start":{"line":2,"column":15},"end":{"line":2,"column":51}},"2":{"start":{"line":3,"column":13},"end":{"line":3,"column":44}},"3":{"start":{"line":4,"column":18},"end":{"line":4,"column":47}},"4":{"start":{"line":7,"column":0},"end":{"line":25,"column":2}},"5":{"start":{"line":8,"column":16},"end":{"line":8,"column":45}},"6":{"start":{"line":10,"column":4},"end":{"line":14,"column":5}},"7":{"start":{"line":11,"column":8},"end":{"line":13,"column":11}},"8":{"start":{"line":16,"column":4},"end":{"line":24,"column":7}},"9":{"start":{"line":17,"column":8},"end":{"line":21,"column":9}},"10":{"start":{"line":18,"column":12},"end":{"line":20,"column":15}},"11":{"start":{"line":22,"column":8},"end":{"line":22,"column":32}},"12":{"start":{"line":23,"column":8},"end":{"line":23,"column":15}},"13":{"start":{"line":27,"column":0},"end":{"line":40,"column":2}},"14":{"start":{"line":29,"column":17},"end":{"line":31,"column":6}},"15":{"start":{"line":32,"column":4},"end":{"line":39,"column":5}},"16":{"start":{"line":33,"column":8},"end":{"line":33,"column":15}},"17":{"start":{"line":35,"column":8},"end":{"line":37,"column":11}},"18":{"start":{"line":38,"column":8},"end":{"line":38,"column":15}},"19":{"start":{"line":42,"column":16},"end":{"line":45,"column":1}},"20":{"start":{"line":46,"column":0},"end":{"line":46,"column":25}}},"fnMap":{"0":{"name":"(anonymous_0)","decl":{"start":{"line":7,"column":14},"end":{"line":7,"column":15}},"loc":{"start":{"line":7,"column":34},"end":{"line":25,"column":1}},"line":7},"1":{"name":"(anonymous_1)","decl":{"start":{"line":16,"column":37},"end":{"line":16,"column":38}},"loc":{"start":{"line":16,"column":55},"end":{"line":24,"column":5}},"line":16},"2":{"name":"(anonymous_2)","decl":{"start":{"line":27,"column":10},"end":{"line":27,"column":11}},"loc":{"start":{"line":27,"column":36},"end":{"line":40,"column":1}},"line":27}},"branchMap":{"0":{"loc":{"start":{"line":10,"column":4},"end":{"line":14,"column":5}},"type":"if","locations":[{"start":{"line":10,"column":4},"end":{"line":14,"column":5}},{"start":{},"end":{}}],"line":10},"1":{"loc":{"start":{"line":17,"column":8},"end":{"line":21,"column":9}},"type":"if","locations":[{"start":{"line":17,"column":8},"end":{"line":21,"column":9}},{"start":{},"end":{}}],"line":17},"2":{"loc":{"start":{"line":32,"column":4},"end":{"line":39,"column":5}},"type":"if","locations":[{"start":{"line":32,"column":4},"end":{"line":39,"column":5}},{"start":{"line":34,"column":11},"end":{"line":39,"column":5}}],"line":32},"3":{"loc":{"start":{"line":32,"column":8},"end":{"line":32,"column":58}},"type":"binary-expr","locations":[{"start":{"line":32,"column":8},"end":{"line":32,"column":12}},{"start":{"line":32,"column":16},"end":{"line":32,"column":58}}],"line":32}},"s":{"0":3,"1":3,"2":3,"3":3,"4":3,"5":7,"6":7,"7":0,"8":7,"9":7,"10":0,"11":7,"12":7,"13":3,"14":3,"15":3,"16":3,"17":0,"18":0,"19":3,"20":3},"f":{"0":7,"1":7,"2":3},"b":{"0":[0,7],"1":[0,7],"2":[3,0],"3":[3,3]},"_coverageSchema":"1a1c01bbd47fc00a2c39e90264f33305004495a9","hash":"12e19bd5c9810b6ac9e901518b10b141fdc4f49d"}
,"/Users/vishwajeet.mishra/personal/crm_backend/middlewares/index.js": {"path":"/Users/vishwajeet.mishra/personal/crm_backend/middlewares/index.js","statementMap":{"0":{"start":{"line":1,"column":32},"end":{"line":1,"column":64}},"1":{"start":{"line":2,"column":26},"end":{"line":2,"column":56}},"2":{"start":{"line":3,"column":16},"end":{"line":3,"column":36}},"3":{"start":{"line":4,"column":0},"end":{"line":8,"column":2}}},"fnMap":{},"branchMap":{},"s":{"0":3,"1":3,"2":3,"3":3},"f":{},"b":{},"_coverageSchema":"1a1c01bbd47fc00a2c39e90264f33305004495a9","hash":"63f5ec5599f8b8212b3b506825a3b52f162c85a5"}
,"/Users/vishwajeet.mishra/personal/crm_backend/middlewares/verifyTicketReqBody.js": {"path":"/Users/vishwajeet.mishra/personal/crm_backend/middlewares/verifyTicketReqBody.js","statementMap":{"0":{"start":{"line":4,"column":18},"end":{"line":4,"column":47}},"1":{"start":{"line":7,"column":0},"end":{"line":27,"column":2}},"2":{"start":{"line":10,"column":4},"end":{"line":15,"column":5}},"3":{"start":{"line":11,"column":8},"end":{"line":13,"column":11}},"4":{"start":{"line":14,"column":8},"end":{"line":14,"column":15}},"5":{"start":{"line":16,"column":4},"end":{"line":22,"column":5}},"6":{"start":{"line":18,"column":8},"end":{"line":20,"column":11}},"7":{"start":{"line":21,"column":8},"end":{"line":21,"column":15}},"8":{"start":{"line":24,"column":4},"end":{"line":24,"column":11}},"9":{"start":{"line":30,"column":0},"end":{"line":42,"column":1}},"10":{"start":{"line":32,"column":19},"end":{"line":32,"column":34}},"11":{"start":{"line":33,"column":24},"end":{"line":33,"column":151}},"12":{"start":{"line":34,"column":4},"end":{"line":39,"column":5}},"13":{"start":{"line":35,"column":8},"end":{"line":37,"column":11}},"14":{"start":{"line":38,"column":8},"end":{"line":38,"column":15}},"15":{"start":{"line":41,"column":4},"end":{"line":41,"column":11}},"16":{"start":{"line":44,"column":32},"end":{"line":48,"column":1}},"17":{"start":{"line":49,"column":0},"end":{"line":49,"column":40}}},"fnMap":{"0":{"name":"(anonymous_0)","decl":{"start":{"line":7,"column":28},"end":{"line":7,"column":29}},"loc":{"start":{"line":7,"column":54},"end":{"line":27,"column":1}},"line":7},"1":{"name":"(anonymous_1)","decl":{"start":{"line":30,"column":23},"end":{"line":30,"column":24}},"loc":{"start":{"line":30,"column":49},"end":{"line":42,"column":1}},"line":30}},"branchMap":{"0":{"loc":{"start":{"line":10,"column":4},"end":{"line":15,"column":5}},"type":"if","locations":[{"start":{"line":10,"column":4},"end":{"line":15,"column":5}},{"start":{},"end":{}}],"line":10},"1":{"loc":{"start":{"line":16,"column":4},"end":{"line":22,"column":5}},"type":"if","locations":[{"start":{"line":16,"column":4},"end":{"line":22,"column":5}},{"start":{},"end":{}}],"line":16},"2":{"loc":{"start":{"line":34,"column":4},"end":{"line":39,"column":5}},"type":"if","locations":[{"start":{"line":34,"column":4},"end":{"line":39,"column":5}},{"start":{},"end":{}}],"line":34},"3":{"loc":{"start":{"line":34,"column":8},"end":{"line":34,"column":47}},"type":"binary-expr","locations":[{"start":{"line":34,"column":8},"end":{"line":34,"column":14}},{"start":{"line":34,"column":18},"end":{"line":34,"column":47}}],"line":34}},"s":{"0":4,"1":4,"2":3,"3":1,"4":1,"5":2,"6":1,"7":1,"8":1,"9":4,"10":2,"11":2,"12":2,"13":1,"14":1,"15":1,"16":4,"17":4},"f":{"0":3,"1":2},"b":{"0":[1,2],"1":[1,1],"2":[1,1],"3":[2,2]},"_coverageSchema":"1a1c01bbd47fc00a2c39e90264f33305004495a9","hash":"1477a0a84ead776e573ee1d677e902f534869e52"}
,"/Users/vishwajeet.mishra/personal/crm_backend/middlewares/verifyUserReqBody.js": {"path":"/Users/vishwajeet.mishra/personal/crm_backend/middlewares/verifyUserReqBody.js","statementMap":{"0":{"start":{"line":4,"column":13},"end":{"line":4,"column":44}},"1":{"start":{"line":5,"column":18},"end":{"line":5,"column":47}},"2":{"start":{"line":8,"column":0},"end":{"line":63,"column":2}},"3":{"start":{"line":11,"column":4},"end":{"line":16,"column":5}},"4":{"start":{"line":12,"column":8},"end":{"line":14,"column":11}},"5":{"start":{"line":15,"column":8},"end":{"line":15,"column":15}},"6":{"start":{"line":17,"column":4},"end":{"line":23,"column":5}},"7":{"start":{"line":19,"column":8},"end":{"line":21,"column":11}},"8":{"start":{"line":22,"column":8},"end":{"line":22,"column":15}},"9":{"start":{"line":25,"column":17},"end":{"line":25,"column":64}},"10":{"start":{"line":26,"column":4},"end":{"line":32,"column":5}},"11":{"start":{"line":27,"column":8},"end":{"line":27,"column":35}},"12":{"start":{"line":28,"column":8},"end":{"line":30,"column":11}},"13":{"start":{"line":31,"column":8},"end":{"line":31,"column":15}},"14":{"start":{"line":34,"column":4},"end":{"line":39,"column":5}},"15":{"start":{"line":35,"column":8},"end":{"line":37,"column":11}},"16":{"start":{"line":38,"column":8},"end":{"line":38,"column":15}},"17":{"start":{"line":42,"column":18},"end":{"line":42,"column":63}},"18":{"start":{"line":43,"column":4},"end":{"line":48,"column":5}},"19":{"start":{"line":44,"column":8},"end":{"line":46,"column":11}},"20":{"start":{"line":47,"column":8},"end":{"line":47,"column":15}},"21":{"start":{"line":51,"column":21},"end":{"line":51,"column":38}},"22":{"start":{"line":52,"column":22},"end":{"line":52,"column":109}},"23":{"start":{"line":53,"column":4},"end":{"line":58,"column":5}},"24":{"start":{"line":54,"column":8},"end":{"line":56,"column":11}},"25":{"start":{"line":57,"column":8},"end":{"line":57,"column":15}},"26":{"start":{"line":60,"column":4},"end":{"line":60,"column":11}},"27":{"start":{"line":66,"column":21},"end":{"line":72,"column":1}},"28":{"start":{"line":67,"column":4},"end":{"line":71,"column":10}},"29":{"start":{"line":75,"column":0},"end":{"line":97,"column":1}},"30":{"start":{"line":77,"column":21},"end":{"line":77,"column":38}},"31":{"start":{"line":78,"column":22},"end":{"line":78,"column":109}},"32":{"start":{"line":79,"column":4},"end":{"line":84,"column":5}},"33":{"start":{"line":80,"column":8},"end":{"line":82,"column":11}},"34":{"start":{"line":83,"column":8},"end":{"line":83,"column":15}},"35":{"start":{"line":86,"column":23},"end":{"line":86,"column":42}},"36":{"start":{"line":87,"column":24},"end":{"line":87,"column":116}},"37":{"start":{"line":88,"column":4},"end":{"line":93,"column":5}},"38":{"start":{"line":89,"column":8},"end":{"line":91,"column":11}},"39":{"start":{"line":92,"column":8},"end":{"line":92,"column":15}},"40":{"start":{"line":94,"column":4},"end":{"line":94,"column":11}},"41":{"start":{"line":99,"column":30},"end":{"line":103,"column":1}},"42":{"start":{"line":104,"column":0},"end":{"line":104,"column":38}}},"fnMap":{"0":{"name":"(anonymous_0)","decl":{"start":{"line":8,"column":26},"end":{"line":8,"column":27}},"loc":{"start":{"line":8,"column":52},"end":{"line":63,"column":1}},"line":8},"1":{"name":"(anonymous_1)","decl":{"start":{"line":66,"column":21},"end":{"line":66,"column":22}},"loc":{"start":{"line":66,"column":32},"end":{"line":72,"column":1}},"line":66},"2":{"name":"(anonymous_2)","decl":{"start":{"line":75,"column":32},"end":{"line":75,"column":33}},"loc":{"start":{"line":75,"column":58},"end":{"line":97,"column":1}},"line":75}},"branchMap":{"0":{"loc":{"start":{"line":11,"column":4},"end":{"line":16,"column":5}},"type":"if","locations":[{"start":{"line":11,"column":4},"end":{"line":16,"column":5}},{"start":{},"end":{}}],"line":11},"1":{"loc":{"start":{"line":17,"column":4},"end":{"line":23,"column":5}},"type":"if","locations":[{"start":{"line":17,"column":4},"end":{"line":23,"column":5}},{"start":{},"end":{}}],"line":17},"2":{"loc":{"start":{"line":26,"column":4},"end":{"line":32,"column":5}},"type":"if","locations":[{"start":{"line":26,"column":4},"end":{"line":32,"column":5}},{"start":{},"end":{}}],"line":26},"3":{"loc":{"start":{"line":34,"column":4},"end":{"line":39,"column":5}},"type":"if","locations":[{"start":{"line":34,"column":4},"end":{"line":39,"column":5}},{"start":{},"end":{}}],"line":34},"4":{"loc":{"start":{"line":43,"column":4},"end":{"line":48,"column":5}},"type":"if","locations":[{"start":{"line":43,"column":4},"end":{"line":48,"column":5}},{"start":{},"end":{}}],"line":43},"5":{"loc":{"start":{"line":53,"column":4},"end":{"line":58,"column":5}},"type":"if","locations":[{"start":{"line":53,"column":4},"end":{"line":58,"column":5}},{"start":{},"end":{}}],"line":53},"6":{"loc":{"start":{"line":53,"column":8},"end":{"line":53,"column":49}},"type":"binary-expr","locations":[{"start":{"line":53,"column":8},"end":{"line":53,"column":16}},{"start":{"line":53,"column":20},"end":{"line":53,"column":49}}],"line":53},"7":{"loc":{"start":{"line":79,"column":4},"end":{"line":84,"column":5}},"type":"if","locations":[{"start":{"line":79,"column":4},"end":{"line":84,"column":5}},{"start":{},"end":{}}],"line":79},"8":{"loc":{"start":{"line":79,"column":8},"end":{"line":79,"column":49}},"type":"binary-expr","locations":[{"start":{"line":79,"column":8},"end":{"line":79,"column":16}},{"start":{"line":79,"column":20},"end":{"line":79,"column":49}}],"line":79},"9":{"loc":{"start":{"line":88,"column":4},"end":{"line":93,"column":5}},"type":"if","locations":[{"start":{"line":88,"column":4},"end":{"line":93,"column":5}},{"start":{},"end":{}}],"line":88},"10":{"loc":{"start":{"line":88,"column":8},"end":{"line":88,"column":55}},"type":"binary-expr","locations":[{"start":{"line":88,"column":8},"end":{"line":88,"column":18}},{"start":{"line":88,"column":22},"end":{"line":88,"column":55}}],"line":88}},"s":{"0":3,"1":3,"2":3,"3":1,"4":0,"5":0,"6":1,"7":0,"8":0,"9":1,"10":1,"11":0,"12":0,"13":0,"14":1,"15":0,"16":0,"17":1,"18":1,"19":0,"20":0,"21":1,"22":1,"23":1,"24":0,"25":0,"26":1,"27":3,"28":1,"29":3,"30":1,"31":1,"32":1,"33":0,"34":0,"35":1,"36":1,"37":1,"38":0,"39":0,"40":1,"41":3,"42":3},"f":{"0":1,"1":1,"2":1},"b":{"0":[0,1],"1":[0,1],"2":[0,1],"3":[0,1],"4":[0,1],"5":[0,1],"6":[1,1],"7":[0,1],"8":[1,0],"9":[0,1],"10":[1,0]},"_coverageSchema":"1a1c01bbd47fc00a2c39e90264f33305004495a9","hash":"689e736c4f37e3c732be5d7f9cde7d1bd943d4b2"}
,"/Users/vishwajeet.mishra/personal/crm_backend/models/ticket.model.js": {"path":"/Users/vishwajeet.mishra/personal/crm_backend/models/ticket.model.js","statementMap":{"0":{"start":{"line":1,"column":17},"end":{"line":1,"column":36}},"1":{"start":{"line":3,"column":21},"end":{"line":47,"column":2}},"2":{"start":{"line":36,"column":12},"end":{"line":36,"column":30}},"3":{"start":{"line":42,"column":12},"end":{"line":42,"column":30}},"4":{"start":{"line":52,"column":0},"end":{"line":52,"column":56}}},"fnMap":{"0":{"name":"(anonymous_0)","decl":{"start":{"line":35,"column":17},"end":{"line":35,"column":18}},"loc":{"start":{"line":35,"column":23},"end":{"line":37,"column":9}},"line":35},"1":{"name":"(anonymous_1)","decl":{"start":{"line":41,"column":17},"end":{"line":41,"column":18}},"loc":{"start":{"line":41,"column":23},"end":{"line":43,"column":9}},"line":41}},"branchMap":{},"s":{"0":4,"1":4,"2":2,"3":2,"4":4},"f":{"0":2,"1":2},"b":{},"_coverageSchema":"1a1c01bbd47fc00a2c39e90264f33305004495a9","hash":"7c54231eba582ac33ecc54b564279d850d2e330f"}
,"/Users/vishwajeet.mishra/personal/crm_backend/models/user.model.js": {"path":"/Users/vishwajeet.mishra/personal/crm_backend/models/user.model.js","statementMap":{"0":{"start":{"line":1,"column":17},"end":{"line":1,"column":36}},"1":{"start":{"line":3,"column":19},"end":{"line":59,"column":2}},"2":{"start":{"line":31,"column":12},"end":{"line":31,"column":30}},"3":{"start":{"line":37,"column":12},"end":{"line":37,"column":30}},"4":{"start":{"line":62,"column":0},"end":{"line":62,"column":52}}},"fnMap":{"0":{"name":"(anonymous_0)","decl":{"start":{"line":30,"column":17},"end":{"line":30,"column":18}},"loc":{"start":{"line":30,"column":23},"end":{"line":32,"column":9}},"line":30},"1":{"name":"(anonymous_1)","decl":{"start":{"line":36,"column":17},"end":{"line":36,"column":18}},"loc":{"start":{"line":36,"column":23},"end":{"line":38,"column":9}},"line":36}},"branchMap":{},"s":{"0":6,"1":6,"2":7,"3":7,"4":6},"f":{"0":7,"1":7},"b":{},"_coverageSchema":"1a1c01bbd47fc00a2c39e90264f33305004495a9","hash":"73033986a8830490a2d69383424748be80365ee6"}
,"/Users/vishwajeet.mishra/personal/crm_backend/routes/auth.routes.js": {"path":"/Users/vishwajeet.mishra/personal/crm_backend/routes/auth.routes.js","statementMap":{"0":{"start":{"line":1,"column":23},"end":{"line":1,"column":64}},"1":{"start":{"line":2,"column":30},"end":{"line":2,"column":55}},"2":{"start":{"line":3,"column":0},"end":{"line":10,"column":1}},"3":{"start":{"line":5,"column":4},"end":{"line":5,"column":108}},"4":{"start":{"line":7,"column":4},"end":{"line":7,"column":63}}},"fnMap":{"0":{"name":"(anonymous_0)","decl":{"start":{"line":3,"column":17},"end":{"line":3,"column":18}},"loc":{"start":{"line":3,"column":32},"end":{"line":10,"column":1}},"line":3}},"branchMap":{},"s":{"0":3,"1":3,"2":3,"3":3,"4":3},"f":{"0":3},"b":{},"_coverageSchema":"1a1c01bbd47fc00a2c39e90264f33305004495a9","hash":"f0c4b718a085b4ea1039434dd04f7f1d0e4a5c74"}
,"/Users/vishwajeet.mishra/personal/crm_backend/routes/ticket.routes.js": {"path":"/Users/vishwajeet.mishra/personal/crm_backend/routes/ticket.routes.js","statementMap":{"0":{"start":{"line":1,"column":25},"end":{"line":1,"column":68}},"1":{"start":{"line":2,"column":45},"end":{"line":2,"column":70}},"2":{"start":{"line":4,"column":0},"end":{"line":12,"column":1}},"3":{"start":{"line":6,"column":4},"end":{"line":6,"column":142}},"4":{"start":{"line":7,"column":4},"end":{"line":7,"column":139}},"5":{"start":{"line":8,"column":4},"end":{"line":8,"column":90}},"6":{"start":{"line":9,"column":4},"end":{"line":9,"column":93}}},"fnMap":{"0":{"name":"(anonymous_0)","decl":{"start":{"line":4,"column":17},"end":{"line":4,"column":18}},"loc":{"start":{"line":4,"column":32},"end":{"line":12,"column":1}},"line":4}},"branchMap":{},"s":{"0":3,"1":3,"2":3,"3":3,"4":3,"5":3,"6":3},"f":{"0":3},"b":{},"_coverageSchema":"1a1c01bbd47fc00a2c39e90264f33305004495a9","hash":"c0295c67cc0dd14e8f11d9b30815a17cd748008b"}
,"/Users/vishwajeet.mishra/personal/crm_backend/routes/user.routes.js": {"path":"/Users/vishwajeet.mishra/personal/crm_backend/routes/user.routes.js","statementMap":{"0":{"start":{"line":1,"column":23},"end":{"line":1,"column":64}},"1":{"start":{"line":2,"column":39},"end":{"line":2,"column":64}},"2":{"start":{"line":4,"column":0},"end":{"line":12,"column":1}},"3":{"start":{"line":6,"column":4},"end":{"line":6,"column":98}},"4":{"start":{"line":8,"column":4},"end":{"line":8,"column":106}},"5":{"start":{"line":10,"column":4},"end":{"line":10,"column":153}}},"fnMap":{"0":{"name":"(anonymous_0)","decl":{"start":{"line":4,"column":17},"end":{"line":4,"column":18}},"loc":{"start":{"line":4,"column":32},"end":{"line":12,"column":1}},"line":4}},"branchMap":{},"s":{"0":3,"1":3,"2":3,"3":3,"4":3,"5":3},"f":{"0":3},"b":{},"_coverageSchema":"1a1c01bbd47fc00a2c39e90264f33305004495a9","hash":"ac621a7084b57fd460c8c3e78e22907071965950"}
,"/Users/vishwajeet.mishra/personal/crm_backend/tests/db.js": {"path":"/Users/vishwajeet.mishra/personal/crm_backend/tests/db.js","statementMap":{"0":{"start":{"line":1,"column":18},"end":{"line":1,"column":37}},"1":{"start":{"line":2,"column":28},"end":{"line":2,"column":60}},"2":{"start":{"line":7,"column":0},"end":{"line":17,"column":1}},"3":{"start":{"line":8,"column":4},"end":{"line":16,"column":5}},"4":{"start":{"line":9,"column":8},"end":{"line":9,"column":50}},"5":{"start":{"line":10,"column":20},"end":{"line":10,"column":35}},"6":{"start":{"line":11,"column":29},"end":{"line":14,"column":9}},"7":{"start":{"line":15,"column":8},"end":{"line":15,"column":44}},"8":{"start":{"line":20,"column":0},"end":{"line":25,"column":1}},"9":{"start":{"line":21,"column":4},"end":{"line":21,"column":45}},"10":{"start":{"line":22,"column":4},"end":{"line":22,"column":38}},"11":{"start":{"line":23,"column":4},"end":{"line":24,"column":28}},"12":{"start":{"line":24,"column":8},"end":{"line":24,"column":28}},"13":{"start":{"line":28,"column":0},"end":{"line":34,"column":1}},"14":{"start":{"line":29,"column":24},"end":{"line":29,"column":55}},"15":{"start":{"line":30,"column":4},"end":{"line":33,"column":5}},"16":{"start":{"line":31,"column":27},"end":{"line":31,"column":43}},"17":{"start":{"line":32,"column":8},"end":{"line":32,"column":32}}},"fnMap":{"0":{"name":"(anonymous_0)","decl":{"start":{"line":7,"column":25},"end":{"line":7,"column":26}},"loc":{"start":{"line":7,"column":37},"end":{"line":17,"column":1}},"line":7},"1":{"name":"(anonymous_1)","decl":{"start":{"line":20,"column":31},"end":{"line":20,"column":32}},"loc":{"start":{"line":20,"column":43},"end":{"line":25,"column":1}},"line":20},"2":{"name":"(anonymous_2)","decl":{"start":{"line":28,"column":31},"end":{"line":28,"column":32}},"loc":{"start":{"line":28,"column":43},"end":{"line":34,"column":1}},"line":28}},"branchMap":{"0":{"loc":{"start":{"line":8,"column":4},"end":{"line":16,"column":5}},"type":"if","locations":[{"start":{"line":8,"column":4},"end":{"line":16,"column":5}},{"start":{},"end":{}}],"line":8},"1":{"loc":{"start":{"line":23,"column":4},"end":{"line":24,"column":28}},"type":"if","locations":[{"start":{"line":23,"column":4},"end":{"line":24,"column":28}},{"start":{},"end":{}}],"line":23}},"s":{"0":5,"1":5,"2":5,"3":2,"4":2,"5":2,"6":2,"7":2,"8":5,"9":5,"10":5,"11":5,"12":2,"13":5,"14":16,"15":16,"16":26,"17":26},"f":{"0":2,"1":5,"2":16},"b":{"0":[2,0],"1":[2,3]},"_coverageSchema":"1a1c01bbd47fc00a2c39e90264f33305004495a9","hash":"f0b8eab5de51b39b942a402b6626aefe306f678a"}
,"/Users/vishwajeet.mishra/personal/crm_backend/tests/interceptor.js": {"path":"/Users/vishwajeet.mishra/personal/crm_backend/tests/interceptor.js","statementMap":{"0":{"start":{"line":1,"column":0},"end":{"line":17,"column":3}},"1":{"start":{"line":3,"column":18},"end":{"line":3,"column":20}},"2":{"start":{"line":4,"column":6},"end":{"line":4,"column":47}},"3":{"start":{"line":5,"column":6},"end":{"line":5,"column":49}},"4":{"start":{"line":6,"column":6},"end":{"line":6,"column":16}},"5":{"start":{"line":10,"column":18},"end":{"line":10,"column":20}},"6":{"start":{"line":11,"column":6},"end":{"line":11,"column":47}},"7":{"start":{"line":12,"column":6},"end":{"line":12,"column":49}},"8":{"start":{"line":13,"column":6},"end":{"line":13,"column":47}},"9":{"start":{"line":14,"column":6},"end":{"line":14,"column":16}}},"fnMap":{"0":{"name":"(anonymous_0)","decl":{"start":{"line":2,"column":17},"end":{"line":2,"column":18}},"loc":{"start":{"line":2,"column":23},"end":{"line":7,"column":5}},"line":2},"1":{"name":"(anonymous_1)","decl":{"start":{"line":9,"column":18},"end":{"line":9,"column":19}},"loc":{"start":{"line":9,"column":24},"end":{"line":15,"column":5}},"line":9}},"branchMap":{},"s":{"0":4,"1":30,"2":30,"3":30,"4":30,"5":30,"6":30,"7":30,"8":30,"9":30},"f":{"0":30,"1":30},"b":{},"_coverageSchema":"1a1c01bbd47fc00a2c39e90264f33305004495a9","hash":"4fc4afd8987457389d94c9faf1d3af5c90b8ca62"}
,"/Users/vishwajeet.mishra/personal/crm_backend/utils/NotificationClient.js": {"path":"/Users/vishwajeet.mishra/personal/crm_backend/utils/NotificationClient.js","statementMap":{"0":{"start":{"line":1,"column":13},"end":{"line":1,"column":47}},"1":{"start":{"line":3,"column":13},"end":{"line":3,"column":25}},"2":{"start":{"line":5,"column":0},"end":{"line":5,"column":24}},"3":{"start":{"line":6,"column":0},"end":{"line":27,"column":1}},"4":{"start":{"line":7,"column":18},"end":{"line":13,"column":5}},"5":{"start":{"line":14,"column":15},"end":{"line":17,"column":5}},"6":{"start":{"line":21,"column":4},"end":{"line":24,"column":7}},"7":{"start":{"line":22,"column":8},"end":{"line":22,"column":36}},"8":{"start":{"line":23,"column":8},"end":{"line":23,"column":26}}},"fnMap":{"0":{"name":"(anonymous_0)","decl":{"start":{"line":6,"column":20},"end":{"line":6,"column":21}},"loc":{"start":{"line":6,"column":73},"end":{"line":27,"column":1}},"line":6},"1":{"name":"(anonymous_1)","decl":{"start":{"line":21,"column":79},"end":{"line":21,"column":80}},"loc":{"start":{"line":21,"column":105},"end":{"line":24,"column":5}},"line":21}},"branchMap":{},"s":{"0":4,"1":4,"2":4,"3":4,"4":4,"5":4,"6":4,"7":3,"8":3},"f":{"0":4,"1":3},"b":{},"_coverageSchema":"1a1c01bbd47fc00a2c39e90264f33305004495a9","hash":"b9d18f596ff327172921c93d84b3d7ce8689f48b"}
,"/Users/vishwajeet.mishra/personal/crm_backend/utils/constants.js": {"path":"/Users/vishwajeet.mishra/personal/crm_backend/utils/constants.js","statementMap":{"0":{"start":{"line":4,"column":0},"end":{"line":21,"column":1}}},"fnMap":{},"branchMap":{},"s":{"0":6},"f":{},"b":{},"_coverageSchema":"1a1c01bbd47fc00a2c39e90264f33305004495a9","hash":"d26f90d167f135b1594bf3f16fe11843c30f5709"}
,"/Users/vishwajeet.mishra/personal/crm_backend/utils/objectConverter.js": {"path":"/Users/vishwajeet.mishra/personal/crm_backend/utils/objectConverter.js","statementMap":{"0":{"start":{"line":1,"column":0},"end":{"line":17,"column":1}},"1":{"start":{"line":3,"column":4},"end":{"line":3,"column":21}},"2":{"start":{"line":4,"column":4},"end":{"line":14,"column":7}},"3":{"start":{"line":5,"column":8},"end":{"line":13,"column":11}},"4":{"start":{"line":15,"column":4},"end":{"line":15,"column":23}},"5":{"start":{"line":20,"column":0},"end":{"line":32,"column":1}},"6":{"start":{"line":21,"column":4},"end":{"line":31,"column":5}},"7":{"start":{"line":34,"column":0},"end":{"line":51,"column":1}},"8":{"start":{"line":35,"column":4},"end":{"line":35,"column":22}},"9":{"start":{"line":36,"column":4},"end":{"line":48,"column":7}},"10":{"start":{"line":37,"column":8},"end":{"line":47,"column":10}},"11":{"start":{"line":49,"column":4},"end":{"line":49,"column":24}}},"fnMap":{"0":{"name":"(anonymous_0)","decl":{"start":{"line":1,"column":23},"end":{"line":1,"column":24}},"loc":{"start":{"line":1,"column":34},"end":{"line":17,"column":1}},"line":1},"1":{"name":"(anonymous_1)","decl":{"start":{"line":4,"column":18},"end":{"line":4,"column":19}},"loc":{"start":{"line":4,"column":26},"end":{"line":14,"column":5}},"line":4},"2":{"name":"(anonymous_2)","decl":{"start":{"line":20,"column":25},"end":{"line":20,"column":26}},"loc":{"start":{"line":20,"column":37},"end":{"line":32,"column":1}},"line":20},"3":{"name":"(anonymous_3)","decl":{"start":{"line":34,"column":29},"end":{"line":34,"column":30}},"loc":{"start":{"line":34,"column":42},"end":{"line":51,"column":1}},"line":34},"4":{"name":"(anonymous_4)","decl":{"start":{"line":36,"column":20},"end":{"line":36,"column":21}},"loc":{"start":{"line":36,"column":29},"end":{"line":48,"column":5}},"line":36}},"branchMap":{},"s":{"0":5,"1":8,"2":8,"3":9,"4":8,"5":5,"6":6,"7":5,"8":3,"9":3,"10":3,"11":3},"f":{"0":8,"1":9,"2":6,"3":3,"4":3},"b":{},"_coverageSchema":"1a1c01bbd47fc00a2c39e90264f33305004495a9","hash":"2df92bef7283a058f0123f4cec3ebe4c88d65200"}
}
