TN:
SF:server.js
FN:23,(anonymous_0)
FN:26,(anonymous_1)
FN:37,init
FN:74,(anonymous_3)
FNF:4
FNH:3
FNDA:3,(anonymous_0)
FNDA:0,(anonymous_1)
FNDA:3,init
FNDA:3,(anonymous_3)
DA:4,3
DA:5,3
DA:6,3
DA:7,3
DA:8,3
DA:9,3
DA:10,3
DA:11,3
DA:12,3
DA:13,3
DA:23,3
DA:24,3
DA:25,3
DA:27,0
DA:40,3
DA:42,3
DA:43,0
DA:44,0
DA:47,3
DA:49,3
DA:57,2
DA:60,1
DA:70,3
DA:71,3
DA:72,3
DA:74,3
DA:75,3
LF:27
LH:24
BRDA:42,0,0,0
BRDA:42,0,1,3
BRF:2
BRH:1
end_of_record
TN:
SF:configs/auth.config.js
FNF:0
FNH:0
DA:1,4
LF:1
LH:1
BRF:0
BRH:0
end_of_record
TN:
SF:configs/db.config.js
FNF:0
FNH:0
DA:1,3
LF:1
LH:1
BRF:0
BRH:0
end_of_record
TN:
SF:configs/server.config.js
FNF:0
FNH:0
DA:1,3
DA:2,3
DA:5,3
LF:3
LH:3
BRDA:1,0,0,3
BRDA:1,0,1,0
BRF:2
BRH:1
end_of_record
TN:
SF:controllers/auth.controller.js
FN:11,(anonymous_0)
FN:59,(anonymous_1)
FNF:2
FNH:2
FNDA:3,(anonymous_0)
FNDA:5,(anonymous_1)
DA:1,4
DA:2,4
DA:3,4
DA:4,4
DA:5,4
DA:6,4
DA:11,4
DA:15,3
DA:16,3
DA:17,3
DA:18,2
DA:20,1
DA:24,3
DA:33,3
DA:34,3
DA:35,2
DA:44,2
DA:46,1
DA:47,1
DA:59,4
DA:63,5
DA:64,5
DA:65,5
DA:66,1
DA:69,1
DA:72,4
DA:73,1
DA:76,1
DA:80,3
DA:85,3
DA:86,1
DA:91,2
DA:92,2
DA:96,2
LF:34
LH:34
BRDA:16,0,0,3
BRDA:16,0,1,0
BRDA:17,1,0,2
BRDA:17,1,1,1
BRDA:17,2,0,3
BRDA:17,2,1,3
BRDA:65,3,0,1
BRDA:65,3,1,4
BRDA:72,4,0,1
BRDA:72,4,1,3
BRDA:85,5,0,1
BRDA:85,5,1,2
BRF:12
BRH:11
end_of_record
TN:
SF:controllers/ticket.controller.js
FN:16,(anonymous_0)
FN:76,(anonymous_1)
FN:118,(anonymous_2)
FN:153,(anonymous_3)
FNF:4
FNH:4
FNDA:3,(anonymous_0)
FNDA:3,(anonymous_1)
FNDA:3,(anonymous_2)
FNDA:2,(anonymous_3)
DA:5,4
DA:6,4
DA:7,4
DA:8,4
DA:9,4
DA:16,4
DA:18,3
DA:29,3
DA:33,3
DA:35,3
DA:36,3
DA:38,2
DA:40,2
DA:43,2
DA:44,2
DA:47,2
DA:48,2
DA:53,2
DA:56,2
DA:59,1
DA:60,1
DA:76,4
DA:77,3
DA:79,3
DA:83,3
DA:85,2
DA:91,2
DA:93,2
DA:97,2
DA:103,2
DA:105,2
DA:107,1
DA:108,1
DA:118,4
DA:128,3
DA:130,3
DA:131,2
DA:133,3
DA:137,3
DA:139,3
DA:140,2
DA:142,1
DA:145,3
DA:146,3
DA:153,4
DA:154,2
DA:158,2
LF:47
LH:47
BRDA:38,0,0,2
BRDA:38,0,1,0
BRDA:83,1,0,2
BRDA:83,1,1,1
BRDA:83,2,0,3
BRDA:83,2,1,2
BRDA:83,2,2,1
BRDA:85,3,0,2
BRDA:85,3,1,0
BRDA:86,4,0,2
BRDA:86,4,1,0
BRDA:87,5,0,2
BRDA:87,5,1,0
BRDA:88,6,0,2
BRDA:88,6,1,0
BRDA:89,7,0,2
BRDA:89,7,1,0
BRDA:130,8,0,2
BRDA:130,8,1,1
BRDA:137,9,0,0
BRDA:137,9,1,3
BRDA:139,10,0,2
BRDA:139,10,1,1
BRF:23
BRH:16
end_of_record
TN:
SF:controllers/user.controller.js
FN:13,(anonymous_0)
FN:90,(anonymous_1)
FN:111,(anonymous_2)
FNF:3
FNH:3
FNDA:11,(anonymous_0)
FNDA:3,(anonymous_1)
FNDA:3,(anonymous_2)
DA:6,4
DA:7,4
DA:13,4
DA:15,11
DA:16,11
DA:17,11
DA:20,11
DA:21,2
DA:22,2
DA:26,1
DA:27,1
DA:30,1
DA:32,9
DA:33,2
DA:34,2
DA:39,1
DA:40,1
DA:43,1
DA:45,7
DA:47,3
DA:48,3
DA:52,1
DA:53,1
DA:56,1
DA:58,4
DA:60,2
DA:61,2
DA:66,1
DA:67,1
DA:70,1
DA:73,2
DA:74,2
DA:77,1
DA:78,1
DA:81,1
DA:84,6
DA:90,4
DA:91,3
DA:93,3
DA:97,3
DA:98,2
DA:100,1
DA:111,4
DA:112,3
DA:113,3
DA:114,3
DA:122,2
DA:128,1
DA:129,1
LF:49
LH:49
BRDA:20,0,0,2
BRDA:20,0,1,9
BRDA:32,1,0,2
BRDA:32,1,1,7
BRDA:32,2,0,9
BRDA:32,2,1,5
BRDA:45,3,0,3
BRDA:45,3,1,4
BRDA:58,4,0,2
BRDA:58,4,1,2
BRDA:97,5,0,2
BRDA:97,5,1,1
BRF:12
BRH:12
end_of_record
TN:
SF:middlewares/authjwt.js
FN:7,(anonymous_0)
FN:16,(anonymous_1)
FN:27,(anonymous_2)
FNF:3
FNH:3
FNDA:7,(anonymous_0)
FNDA:7,(anonymous_1)
FNDA:3,(anonymous_2)
DA:1,3
DA:2,3
DA:3,3
DA:4,3
DA:7,3
DA:8,7
DA:10,7
DA:11,0
DA:16,7
DA:17,7
DA:18,0
DA:22,7
DA:23,7
DA:27,3
DA:29,3
DA:32,3
DA:33,3
DA:35,0
DA:38,0
DA:42,3
DA:46,3
LF:21
LH:17
BRDA:10,0,0,0
BRDA:10,0,1,7
BRDA:17,1,0,0
BRDA:17,1,1,7
BRDA:32,2,0,3
BRDA:32,2,1,0
BRDA:32,3,0,3
BRDA:32,3,1,3
BRF:8
BRH:5
end_of_record
TN:
SF:middlewares/index.js
FNF:0
FNH:0
DA:1,3
DA:2,3
DA:3,3
DA:4,3
LF:4
LH:4
BRF:0
BRH:0
end_of_record
TN:
SF:middlewares/verifyTicketReqBody.js
FN:7,(anonymous_0)
FN:30,(anonymous_1)
FNF:2
FNH:2
FNDA:3,(anonymous_0)
FNDA:2,(anonymous_1)
DA:4,4
DA:7,4
DA:10,3
DA:11,1
DA:14,1
DA:16,2
DA:18,1
DA:21,1
DA:24,1
DA:30,4
DA:32,2
DA:33,2
DA:34,2
DA:35,1
DA:38,1
DA:41,1
DA:44,4
DA:49,4
LF:18
LH:18
BRDA:10,0,0,1
BRDA:10,0,1,2
BRDA:16,1,0,1
BRDA:16,1,1,1
BRDA:34,2,0,1
BRDA:34,2,1,1
BRDA:34,3,0,2
BRDA:34,3,1,2
BRF:8
BRH:8
end_of_record
TN:
SF:middlewares/verifyUserReqBody.js
FN:8,(anonymous_0)
FN:66,(anonymous_1)
FN:75,(anonymous_2)
FNF:3
FNH:3
FNDA:1,(anonymous_0)
FNDA:1,(anonymous_1)
FNDA:1,(anonymous_2)
DA:4,3
DA:5,3
DA:8,3
DA:11,1
DA:12,0
DA:15,0
DA:17,1
DA:19,0
DA:22,0
DA:25,1
DA:26,1
DA:27,0
DA:28,0
DA:31,0
DA:34,1
DA:35,0
DA:38,0
DA:42,1
DA:43,1
DA:44,0
DA:47,0
DA:51,1
DA:52,1
DA:53,1
DA:54,0
DA:57,0
DA:60,1
DA:66,3
DA:67,1
DA:75,3
DA:77,1
DA:78,1
DA:79,1
DA:80,0
DA:83,0
DA:86,1
DA:87,1
DA:88,1
DA:89,0
DA:92,0
DA:94,1
DA:99,3
DA:104,3
LF:43
LH:26
BRDA:11,0,0,0
BRDA:11,0,1,1
BRDA:17,1,0,0
BRDA:17,1,1,1
BRDA:26,2,0,0
BRDA:26,2,1,1
BRDA:34,3,0,0
BRDA:34,3,1,1
BRDA:43,4,0,0
BRDA:43,4,1,1
BRDA:53,5,0,0
BRDA:53,5,1,1
BRDA:53,6,0,1
BRDA:53,6,1,1
BRDA:79,7,0,0
BRDA:79,7,1,1
BRDA:79,8,0,1
BRDA:79,8,1,0
BRDA:88,9,0,0
BRDA:88,9,1,1
BRDA:88,10,0,1
BRDA:88,10,1,0
BRF:22
BRH:12
end_of_record
TN:
SF:models/ticket.model.js
FN:35,(anonymous_0)
FN:41,(anonymous_1)
FNF:2
FNH:2
FNDA:2,(anonymous_0)
FNDA:2,(anonymous_1)
DA:1,4
DA:3,4
DA:36,2
DA:42,2
DA:52,4
LF:5
LH:5
BRF:0
BRH:0
end_of_record
TN:
SF:models/user.model.js
FN:30,(anonymous_0)
FN:36,(anonymous_1)
FNF:2
FNH:2
FNDA:7,(anonymous_0)
FNDA:7,(anonymous_1)
DA:1,6
DA:3,6
DA:31,7
DA:37,7
DA:62,6
LF:5
LH:5
BRF:0
BRH:0
end_of_record
TN:
SF:routes/auth.routes.js
FN:3,(anonymous_0)
FNF:1
FNH:1
FNDA:3,(anonymous_0)
DA:1,3
DA:2,3
DA:3,3
DA:5,3
DA:7,3
LF:5
LH:5
BRF:0
BRH:0
end_of_record
TN:
SF:routes/ticket.routes.js
FN:4,(anonymous_0)
FNF:1
FNH:1
FNDA:3,(anonymous_0)
DA:1,3
DA:2,3
DA:4,3
DA:6,3
DA:7,3
DA:8,3
DA:9,3
LF:7
LH:7
BRF:0
BRH:0
end_of_record
TN:
SF:routes/user.routes.js
FN:4,(anonymous_0)
FNF:1
FNH:1
FNDA:3,(anonymous_0)
DA:1,3
DA:2,3
DA:4,3
DA:6,3
DA:8,3
DA:10,3
LF:6
LH:6
BRF:0
BRH:0
end_of_record
TN:
SF:tests/db.js
FN:7,(anonymous_0)
FN:20,(anonymous_1)
FN:28,(anonymous_2)
FNF:3
FNH:3
FNDA:2,(anonymous_0)
FNDA:5,(anonymous_1)
FNDA:16,(anonymous_2)
DA:1,5
DA:2,5
DA:7,5
DA:8,2
DA:9,2
DA:10,2
DA:11,2
DA:15,2
DA:20,5
DA:21,5
DA:22,5
DA:23,5
DA:24,2
DA:28,5
DA:29,16
DA:30,16
DA:31,26
DA:32,26
LF:18
LH:18
BRDA:8,0,0,2
BRDA:8,0,1,0
BRDA:23,1,0,2
BRDA:23,1,1,3
BRF:4
BRH:3
end_of_record
TN:
SF:tests/interceptor.js
FN:2,(anonymous_0)
FN:9,(anonymous_1)
FNF:2
FNH:2
FNDA:30,(anonymous_0)
FNDA:30,(anonymous_1)
DA:1,4
DA:3,30
DA:4,30
DA:5,30
DA:6,30
DA:10,30
DA:11,30
DA:12,30
DA:13,30
DA:14,30
LF:10
LH:10
BRF:0
BRH:0
end_of_record
TN:
SF:utils/NotificationClient.js
FN:6,(anonymous_0)
FN:21,(anonymous_1)
FNF:2
FNH:2
FNDA:4,(anonymous_0)
FNDA:3,(anonymous_1)
DA:1,4
DA:3,4
DA:5,4
DA:6,4
DA:7,4
DA:14,4
DA:21,4
DA:22,3
DA:23,3
LF:9
LH:9
BRF:0
BRH:0
end_of_record
TN:
SF:utils/constants.js
FNF:0
FNH:0
DA:4,6
LF:1
LH:1
BRF:0
BRH:0
end_of_record
TN:
SF:utils/objectConverter.js
FN:1,(anonymous_0)
FN:4,(anonymous_1)
FN:20,(anonymous_2)
FN:34,(anonymous_3)
FN:36,(anonymous_4)
FNF:5
FNH:5
FNDA:8,(anonymous_0)
FNDA:9,(anonymous_1)
FNDA:6,(anonymous_2)
FNDA:3,(anonymous_3)
FNDA:3,(anonymous_4)
DA:1,5
DA:3,8
DA:4,8
DA:5,9
DA:15,8
DA:20,5
DA:21,6
DA:34,5
DA:35,3
DA:36,3
DA:37,3
DA:49,3
LF:12
LH:12
BRF:0
BRH:0
end_of_record
